TN:
SF:src\app.js
FN:27,buildApp
FN:81,(anonymous_1)
FN:120,(anonymous_2)
FNF:3
FNH:1
FNDA:2,buildApp
FNDA:0,(anonymous_1)
FNDA:0,(anonymous_2)
DA:29,2
DA:33,2
DA:54,2
DA:59,2
DA:60,2
DA:61,2
DA:62,2
DA:65,2
DA:70,2
DA:71,2
DA:73,2
DA:77,2
DA:81,0
DA:88,2
DA:98,2
DA:104,2
DA:106,2
DA:107,2
DA:108,2
DA:109,2
DA:110,2
DA:111,2
DA:112,2
DA:114,2
DA:120,2
DA:121,0
DA:127,0
DA:132,2
LF:28
LH:25
BRDA:27,0,0,2
BRDA:29,1,0,2
BRDA:29,1,1,2
BRDA:35,2,0,2
BRDA:35,2,1,0
BRDA:36,3,0,0
BRDA:36,3,1,0
BRDA:66,4,0,2
BRDA:66,4,1,0
BRDA:125,5,0,0
BRDA:125,5,1,0
BRDA:127,6,0,0
BRDA:127,6,1,0
BRDA:128,7,0,0
BRDA:128,7,1,0
BRF:15
BRH:5
end_of_record
TN:
SF:src\services\auth.service.js
FN:3,createAuthService
FN:5,(anonymous_1)
FN:22,(anonymous_2)
FN:40,(anonymous_3)
FNF:4
FNH:4
FNDA:10,createAuthService
FNDA:45,(anonymous_1)
FNDA:37,(anonymous_2)
FNDA:3,(anonymous_3)
DA:4,10
DA:6,45
DA:7,45
DA:8,2
DA:9,2
DA:10,2
DA:13,43
DA:14,43
DA:19,43
DA:23,37
DA:24,37
DA:25,2
DA:26,2
DA:27,2
DA:30,35
DA:31,35
DA:32,2
DA:33,2
DA:34,2
DA:37,33
DA:41,3
DA:42,3
DA:43,1
DA:44,1
DA:45,1
DA:47,2
LF:26
LH:26
BRDA:7,0,0,2
BRDA:7,0,1,43
BRDA:24,1,0,2
BRDA:24,1,1,35
BRDA:31,2,0,2
BRDA:31,2,1,33
BRDA:42,3,0,1
BRDA:42,3,1,2
BRF:8
BRH:8
end_of_record
TN:
SF:src\services\device.service.js
FN:11,setRepository
FN:15,importDevices
FN:61,listDevices
FN:65,createDevice
FN:69,updateDevice
FN:80,deleteDevice
FN:88,exportDevices
FN:90,(anonymous_7)
FN:99,exportDevicesStream
FN:103,(anonymous_9)
FN:128,streamDevices
FN:132,getDeviceById
FN:136,getDeviceDetails
FN:158,saveDeviceImage
FN:172,listDevicesPaginated
FNF:15
FNH:15
FNDA:62,setRepository
FNDA:6,importDevices
FNDA:8,listDevices
FNDA:21,createDevice
FNDA:5,updateDevice
FNDA:5,deleteDevice
FNDA:2,exportDevices
FNDA:1,(anonymous_7)
FNDA:5,exportDevicesStream
FNDA:5,(anonymous_9)
FNDA:3,streamDevices
FNDA:2,getDeviceById
FNDA:4,getDeviceDetails
FNDA:2,saveDeviceImage
FNDA:3,listDevicesPaginated
DA:12,62
DA:16,6
DA:18,6
DA:19,4
DA:20,4
DA:22,1
DA:24,2
DA:25,1
DA:31,1
DA:34,4
DA:36,4
DA:37,4
DA:38,4
DA:40,4
DA:41,1
DA:42,1
DA:46,1
DA:49,3
DA:50,3
DA:51,2
DA:53,1
DA:54,1
DA:58,4
DA:62,8
DA:66,21
DA:70,5
DA:71,1
DA:73,4
DA:74,4
DA:75,2
DA:77,2
DA:81,5
DA:82,5
DA:83,2
DA:89,2
DA:90,2
DA:94,2
DA:95,2
DA:100,5
DA:101,5
DA:104,5
DA:105,5
DA:110,0
DA:114,5
DA:118,5
DA:119,2
DA:120,2
DA:122,3
DA:124,5
DA:129,3
DA:133,2
DA:137,4
DA:138,4
DA:140,3
DA:141,4
DA:142,4
DA:145,3
DA:149,4
DA:159,2
DA:160,2
DA:162,2
DA:163,2
DA:164,2
DA:166,2
DA:168,2
DA:169,2
DA:173,3
DA:174,3
DA:175,3
DA:176,3
LF:70
LH:69
BRDA:18,0,0,4
BRDA:18,0,1,2
BRDA:18,1,0,6
BRDA:18,1,1,2
BRDA:24,2,0,1
BRDA:24,2,1,1
BRDA:24,3,0,2
BRDA:24,3,1,1
BRDA:40,4,0,1
BRDA:40,4,1,3
BRDA:44,5,0,1
BRDA:44,5,1,0
BRDA:70,6,0,1
BRDA:70,6,1,4
BRDA:74,7,0,2
BRDA:74,7,1,2
BRDA:82,8,0,2
BRDA:82,8,1,3
BRDA:118,9,0,2
BRDA:118,9,1,3
BRDA:138,10,0,1
BRDA:138,10,1,3
BRDA:145,11,0,1
BRDA:145,11,1,2
BRDA:145,12,0,3
BRDA:145,12,1,2
BRDA:152,13,0,4
BRDA:152,13,1,2
BRDA:153,14,0,4
BRDA:153,14,1,2
BRDA:162,15,0,1
BRDA:162,15,1,1
BRDA:172,16,0,3
BRDA:172,17,0,3
BRF:34
BRH:33
end_of_record
TN:
SF:src\transforms\activeStatus.transform.js
FN:4,(anonymous_0)
FN:8,(anonymous_1)
FNF:2
FNH:2
FNDA:6,(anonymous_0)
FNDA:8,(anonymous_1)
DA:5,6
DA:9,8
DA:13,8
LF:3
LH:3
BRF:0
BRH:0
end_of_record
TN:
SF:src\transforms\ndjson.transform.js
FN:4,(anonymous_0)
FN:8,(anonymous_1)
FNF:2
FNH:2
FNDA:5,(anonymous_0)
FNDA:5,(anonymous_1)
DA:5,5
DA:9,5
LF:2
LH:2
BRF:0
BRH:0
end_of_record
TN:
SF:src\utils\backup.utils.js
FN:11,(anonymous_0)
FN:26,(anonymous_1)
FN:42,(anonymous_2)
FN:46,(anonymous_3)
FN:48,(anonymous_4)
FNF:5
FNH:5
FNDA:3,(anonymous_0)
FNDA:3,(anonymous_1)
FNDA:2,(anonymous_2)
FNDA:7,(anonymous_3)
FNDA:5,(anonymous_4)
DA:8,1
DA:9,1
DA:11,1
DA:12,3
DA:13,3
DA:15,3
DA:17,3
DA:18,1
DA:19,1
DA:22,2
DA:23,2
DA:25,2
DA:26,3
DA:29,2
DA:35,2
DA:36,2
DA:38,0
DA:42,1
DA:43,2
DA:44,2
DA:45,2
DA:46,7
DA:48,5
DA:51,2
DA:53,1
DA:54,1
DA:55,1
DA:56,1
DA:59,0
DA:60,0
LF:30
LH:27
BRDA:17,0,0,1
BRDA:17,0,1,2
BRDA:51,1,0,1
BRDA:51,1,1,1
BRDA:59,2,0,0
BRDA:59,2,1,0
BRF:6
BRH:4
end_of_record
TN:
SF:src\utils\fetch.utils.js
FN:9,readCache
FN:18,writeCache
FN:23,getCacheKey
FN:27,getFromCache
FN:40,setToCache
FN:47,fetchWithTimeout
FN:49,(anonymous_6)
FN:62,fetchWithRetry
FN:73,(anonymous_8)
FN:78,fetchExternal
FNF:10
FNH:9
FNDA:20,readCache
FNDA:7,writeCache
FNDA:20,getCacheKey
FNDA:13,getFromCache
FNDA:7,setToCache
FNDA:21,fetchWithTimeout
FNDA:0,(anonymous_6)
FNDA:11,fetchWithRetry
FNDA:10,(anonymous_8)
FNDA:13,fetchExternal
DA:4,5
DA:5,5
DA:6,5
DA:7,5
DA:10,20
DA:11,20
DA:12,6
DA:14,14
DA:19,7
DA:20,7
DA:24,20
DA:28,13
DA:29,13
DA:30,13
DA:32,13
DA:34,4
DA:35,4
DA:37,2
DA:41,7
DA:42,7
DA:43,7
DA:44,7
DA:48,21
DA:49,21
DA:51,21
DA:52,21
DA:53,10
DA:54,3
DA:56,7
DA:58,21
DA:63,11
DA:65,11
DA:66,21
DA:67,21
DA:69,14
DA:70,14
DA:72,10
DA:73,10
DA:79,13
DA:80,13
DA:81,2
DA:84,11
DA:85,11
DA:86,7
DA:87,7
DA:89,4
LF:46
LH:46
BRDA:32,0,0,9
BRDA:32,0,1,4
BRDA:35,1,0,2
BRDA:35,1,1,2
BRDA:53,2,0,3
BRDA:53,2,1,7
BRDA:70,3,0,4
BRDA:70,3,1,10
BRDA:80,4,0,2
BRDA:80,4,1,11
BRF:10
BRH:10
end_of_record
TN:
SF:src\utils\url.utils.js
FN:1,buildImageUrl
FNF:1
FNH:1
FNDA:12,buildImageUrl
DA:2,12
DA:3,4
LF:2
LH:2
BRDA:2,0,0,8
BRDA:2,0,1,4
BRF:2
BRH:2
end_of_record
